Performing C SOURCE FILE Test CMAKE_HAVE_LIBC_PTHREAD failed with the following output:
Change Dir: /home/leige/LeiGe/code/MotionPlanningForMobileRobots/hw_3/Ros×÷Òµ/build/CMakeFiles/CMakeTmp

Run Build Command(s):/usr/bin/make cmTC_c912f/fast && /usr/bin/make -f CMakeFiles/cmTC_c912f.dir/build.make CMakeFiles/cmTC_c912f.dir/build
make[1]: Entering directory '/home/leige/LeiGe/code/MotionPlanningForMobileRobots/hw_3/Ros×÷Òµ/build/CMakeFiles/CMakeTmp'
Building C object CMakeFiles/cmTC_c912f.dir/src.c.o
/usr/lib/ccache/cc   -DCMAKE_HAVE_LIBC_PTHREAD   -o CMakeFiles/cmTC_c912f.dir/src.c.o   -c /home/leige/LeiGe/code/MotionPlanningForMobileRobots/hw_3/Ros×÷Òµ/build/CMakeFiles/CMakeTmp/src.c
Linking C executable cmTC_c912f
/usr/bin/cmake -E cmake_link_script CMakeFiles/cmTC_c912f.dir/link.txt --verbose=1
/usr/lib/ccache/cc  -DCMAKE_HAVE_LIBC_PTHREAD    -rdynamic CMakeFiles/cmTC_c912f.dir/src.c.o  -o cmTC_c912f 
CMakeFiles/cmTC_c912f.dir/src.c.o: In function `main':
src.c:(.text+0x3e): undefined reference to `pthread_create'
src.c:(.text+0x4a): undefined reference to `pthread_detach'
src.c:(.text+0x5b): undefined reference to `pthread_join'
src.c:(.text+0x6f): undefined reference to `pthread_atfork'
collect2: error: ld returned 1 exit status
CMakeFiles/cmTC_c912f.dir/build.make:86: recipe for target 'cmTC_c912f' failed
make[1]: *** [cmTC_c912f] Error 1
make[1]: Leaving directory '/home/leige/LeiGe/code/MotionPlanningForMobileRobots/hw_3/Ros×÷Òµ/build/CMakeFiles/CMakeTmp'
Makefile:121: recipe for target 'cmTC_c912f/fast' failed
make: *** [cmTC_c912f/fast] Error 2


Source file was:
#include <pthread.h>

void* test_func(void* data)
{
  return data;
}

int main(void)
{
  pthread_t thread;
  pthread_create(&thread, NULL, test_func, NULL);
  pthread_detach(thread);
  pthread_join(thread, NULL);
  pthread_atfork(NULL, NULL, NULL);
  pthread_exit(NULL);

  return 0;
}

Determining if the function pthread_create exists in the pthreads failed with the following output:
Change Dir: /home/leige/LeiGe/code/MotionPlanningForMobileRobots/hw_3/Ros×÷Òµ/build/CMakeFiles/CMakeTmp

Run Build Command(s):/usr/bin/make cmTC_a1885/fast && /usr/bin/make -f CMakeFiles/cmTC_a1885.dir/build.make CMakeFiles/cmTC_a1885.dir/build
make[1]: Entering directory '/home/leige/LeiGe/code/MotionPlanningForMobileRobots/hw_3/Ros×÷Òµ/build/CMakeFiles/CMakeTmp'
Building C object CMakeFiles/cmTC_a1885.dir/CheckFunctionExists.c.o
/usr/lib/ccache/cc   -DCHECK_FUNCTION_EXISTS=pthread_create   -o CMakeFiles/cmTC_a1885.dir/CheckFunctionExists.c.o   -c /usr/share/cmake-3.15/Modules/CheckFunctionExists.c
Linking C executable cmTC_a1885
/usr/bin/cmake -E cmake_link_script CMakeFiles/cmTC_a1885.dir/link.txt --verbose=1
/usr/lib/ccache/cc  -DCHECK_FUNCTION_EXISTS=pthread_create    -rdynamic CMakeFiles/cmTC_a1885.dir/CheckFunctionExists.c.o  -o cmTC_a1885 -lpthreads 
/usr/bin/ld: cannot find -lpthreads
collect2: error: ld returned 1 exit status
CMakeFiles/cmTC_a1885.dir/build.make:86: recipe for target 'cmTC_a1885' failed
make[1]: *** [cmTC_a1885] Error 1
make[1]: Leaving directory '/home/leige/LeiGe/code/MotionPlanningForMobileRobots/hw_3/Ros×÷Òµ/build/CMakeFiles/CMakeTmp'
Makefile:121: recipe for target 'cmTC_a1885/fast' failed
make: *** [cmTC_a1885/fast] Error 2



