Determining if the pthread_create exist failed with the following output:
Change Dir: /home/fjc/leige/code/MotionPlanningForMobileRobots/hw_2/catkin_ws/build/CMakeFiles/CMakeTmp

Run Build Command:"/usr/bin/make" "cmTC_0d683/fast"
/usr/bin/make -f CMakeFiles/cmTC_0d683.dir/build.make CMakeFiles/cmTC_0d683.dir/build
make[1]: Entering directory '/home/fjc/leige/code/MotionPlanningForMobileRobots/hw_2/catkin_ws/build/CMakeFiles/CMakeTmp'
Building C object CMakeFiles/cmTC_0d683.dir/CheckSymbolExists.c.o
/usr/bin/cc    -o CMakeFiles/cmTC_0d683.dir/CheckSymbolExists.c.o   -c /home/fjc/leige/code/MotionPlanningForMobileRobots/hw_2/catkin_ws/build/CMakeFiles/CMakeTmp/CheckSymbolExists.c
Linking C executable cmTC_0d683
/usr/bin/cmake -E cmake_link_script CMakeFiles/cmTC_0d683.dir/link.txt --verbose=1
/usr/bin/cc      -rdynamic CMakeFiles/cmTC_0d683.dir/CheckSymbolExists.c.o  -o cmTC_0d683 
CMakeFiles/cmTC_0d683.dir/CheckSymbolExists.c.o: In function `main':
CheckSymbolExists.c:(.text+0x1b): undefined reference to `pthread_create'
collect2: error: ld returned 1 exit status
CMakeFiles/cmTC_0d683.dir/build.make:97: recipe for target 'cmTC_0d683' failed
make[1]: *** [cmTC_0d683] Error 1
make[1]: Leaving directory '/home/fjc/leige/code/MotionPlanningForMobileRobots/hw_2/catkin_ws/build/CMakeFiles/CMakeTmp'
Makefile:126: recipe for target 'cmTC_0d683/fast' failed
make: *** [cmTC_0d683/fast] Error 2

File /home/fjc/leige/code/MotionPlanningForMobileRobots/hw_2/catkin_ws/build/CMakeFiles/CMakeTmp/CheckSymbolExists.c:
/* */
#include <pthread.h>

int main(int argc, char** argv)
{
  (void)argv;
#ifndef pthread_create
  return ((int*)(&pthread_create))[argc];
#else
  (void)argc;
  return 0;
#endif
}

Determining if the function pthread_create exists in the pthreads failed with the following output:
Change Dir: /home/fjc/leige/code/MotionPlanningForMobileRobots/hw_2/catkin_ws/build/CMakeFiles/CMakeTmp

Run Build Command:"/usr/bin/make" "cmTC_fd520/fast"
/usr/bin/make -f CMakeFiles/cmTC_fd520.dir/build.make CMakeFiles/cmTC_fd520.dir/build
make[1]: Entering directory '/home/fjc/leige/code/MotionPlanningForMobileRobots/hw_2/catkin_ws/build/CMakeFiles/CMakeTmp'
Building C object CMakeFiles/cmTC_fd520.dir/CheckFunctionExists.c.o
/usr/bin/cc   -DCHECK_FUNCTION_EXISTS=pthread_create   -o CMakeFiles/cmTC_fd520.dir/CheckFunctionExists.c.o   -c /usr/share/cmake-3.10/Modules/CheckFunctionExists.c
Linking C executable cmTC_fd520
/usr/bin/cmake -E cmake_link_script CMakeFiles/cmTC_fd520.dir/link.txt --verbose=1
/usr/bin/cc  -DCHECK_FUNCTION_EXISTS=pthread_create    -rdynamic CMakeFiles/cmTC_fd520.dir/CheckFunctionExists.c.o  -o cmTC_fd520 -lpthreads 
/usr/bin/ld: cannot find -lpthreads
collect2: error: ld returned 1 exit status
CMakeFiles/cmTC_fd520.dir/build.make:97: recipe for target 'cmTC_fd520' failed
make[1]: *** [cmTC_fd520] Error 1
make[1]: Leaving directory '/home/fjc/leige/code/MotionPlanningForMobileRobots/hw_2/catkin_ws/build/CMakeFiles/CMakeTmp'
Makefile:126: recipe for target 'cmTC_fd520/fast' failed
make: *** [cmTC_fd520/fast] Error 2


